<?xml version="1.0" encoding="UTF-8"?>
<!-- Generated by org.testng.reporters.JUnitReportReporter -->
<testsuite hostname="LAPTOP-J0B5PN3J" failures="0" tests="1" name="remoteTesting.dockerValidation.startDocker" time="35.951" errors="0" timestamp="2024-02-22T00:58:36 IST" skipped="0">
  <testcase classname="remoteTesting.dockerValidation.startDocker" name="startFile" time="35.951"/>
  <system-out/>
</testsuite> <!-- remoteTesting.dockerValidation.startDocker -->
