<?xml version="1.0" encoding="UTF-8"?>
<!-- Generated by org.testng.reporters.JUnitReportReporter -->
<testsuite hostname="LAPTOP-J0B5PN3J" failures="0" tests="1" name="remoteTesting.dockerValidation.chromeTest3" time="38.749" errors="0" timestamp="2024-02-22T01:27:17 IST" skipped="0">
  <testcase classname="remoteTesting.dockerValidation.chromeTest3" name="test3" time="38.749"/>
  <system-out/>
</testsuite> <!-- remoteTesting.dockerValidation.chromeTest3 -->
