<?xml version="1.0" encoding="UTF-8"?>
<!-- Generated by org.testng.reporters.JUnitReportReporter -->
<testsuite hostname="LAPTOP-J0B5PN3J" failures="0" tests="1" name="remoteTesting.dockerValidation.chromeTest1" time="32.199" errors="0" timestamp="2024-02-22T01:27:17 IST" skipped="0">
  <testcase classname="remoteTesting.dockerValidation.chromeTest1" name="test1" time="32.199"/>
  <system-out/>
</testsuite> <!-- remoteTesting.dockerValidation.chromeTest1 -->
