<?xml version="1.0" encoding="UTF-8"?>
<!-- Generated by org.testng.reporters.JUnitReportReporter -->
<testsuite hostname="LAPTOP-J0B5PN3J" failures="0" tests="1" name="remoteTesting.dockerValidation.chromeTest2" time="31.800" errors="0" timestamp="2024-02-22T01:27:17 IST" skipped="0">
  <testcase classname="remoteTesting.dockerValidation.chromeTest2" name="test2" time="31.800"/>
  <system-out/>
</testsuite> <!-- remoteTesting.dockerValidation.chromeTest2 -->
