<?xml version="1.0" encoding="UTF-8"?>
<!-- Generated by org.testng.reporters.JUnitReportReporter -->
<testsuite hostname="LAPTOP-J0B5PN3J" failures="0" tests="4" name="day1.HTTPRequests" time="3.957" errors="0" timestamp="2023-05-28T14:57:08 IST" skipped="0">
  <testcase classname="day1.HTTPRequests" name="getUsers" time="2.366"/>
  <system-out/>
  <testcase classname="day1.HTTPRequests" name="createUser" time="0.714"/>
  <system-out/>
  <testcase classname="day1.HTTPRequests" name="updateUser" time="0.422"/>
  <system-out/>
  <testcase classname="day1.HTTPRequests" name="deleteUser" time="0.455"/>
  <system-out/>
</testsuite> <!-- day1.HTTPRequests -->
