<?xml version="1.0" encoding="UTF-8"?>
<!-- Generated by org.testng.reporters.JUnitReportReporter -->
<testsuite hostname="LAPTOP-J0B5PN3J" failures="0" tests="1" name="com.w2a.testcases.LoginTest" time="3.167" errors="0" timestamp="2023-08-20T00:35:29 IST" skipped="0">
  <testcase classname="com.w2a.testcases.LoginTest" name="loginAsBankManager" time="3.167"/>
  <system-out/>
</testsuite> <!-- com.w2a.testcases.LoginTest -->
