<?xml version="1.0" encoding="UTF-8"?>
<!-- Generated by org.testng.reporters.JUnitReportReporter -->
<testsuite hostname="LAPTOP-J0B5PN3J" failures="0" tests="3" name="dataDriven.excelIntegration.dataProvide" time="0.015" errors="0" timestamp="2024-03-10T01:25:03 IST" skipped="0">
  <testcase classname="dataDriven.excelIntegration.dataProvide" name="testCaseData" time="0.001"/>
  <system-out/>
  <testcase classname="dataDriven.excelIntegration.dataProvide" name="testCaseData" time="0.012"/>
  <system-out/>
  <testcase classname="dataDriven.excelIntegration.dataProvide" name="testCaseData" time="0.002"/>
  <system-out/>
</testsuite> <!-- dataDriven.excelIntegration.dataProvide -->
