<?xml version="1.0" encoding="UTF-8"?>
<!-- Generated by org.testng.reporters.JUnitReportReporter -->
<testsuite hostname="LAPTOP-J0B5PN3J" failures="0" tests="1" name="dataDriven.excelIntegration.excel" time="1.365" errors="0" timestamp="2024-03-10T00:46:26 IST" skipped="0">
  <testcase classname="dataDriven.excelIntegration.excel" name="getExcel" time="1.365"/>
  <system-out/>
</testsuite> <!-- dataDriven.excelIntegration.excel -->
