<?xml version="1.0" encoding="UTF-8"?>
<!-- Generated by org.testng.reporters.JUnitReportReporter -->
<testsuite hostname="LAPTOP-J0B5PN3J" failures="0" tests="1" name="test1" time="0.017" errors="0" timestamp="2024-03-10T01:34:18 IST" skipped="0">
  <testcase classname="test1" name="regular" time="0.017"/>
  <system-out/>
</testsuite> <!-- test1 -->
