<?xml version="1.0" encoding="UTF-8"?>
<!-- Generated by org.testng.reporters.JUnitReportReporter -->
<testsuite skipped="1" hostname="LAPTOP-J0B5PN3J" name="remoteTesting.dockerValidation.chromeTest3" tests="1" failures="0" timestamp="2024-02-24T17:11:04 IST" time="0.000" errors="0">
  <testcase name="test3" time="0.000" classname="remoteTesting.dockerValidation.chromeTest3">
    <skipped/>
  </testcase> <!-- test3 -->
  <system-out/>
</testsuite> <!-- remoteTesting.dockerValidation.chromeTest3 -->
